  Source.cpp
c:\users\eeshaan\source\repos\prototypemain\prototypemain\source.cpp(37): warning C4129: '_': unrecognized character escape sequence
c:\users\eeshaan\source\repos\prototypemain\prototypemain\source.cpp(38): warning C4129: '_': unrecognized character escape sequence
c:\users\eeshaan\source\repos\prototypemain\prototypemain\source.cpp(39): warning C4129: '_': unrecognized character escape sequence
c:\users\eeshaan\source\repos\prototypemain\prototypemain\source.cpp(40): warning C4129: '_': unrecognized character escape sequence
c:\users\eeshaan\source\repos\prototypemain\prototypemain\source.cpp(41): warning C4129: '_': unrecognized character escape sequence
c:\users\eeshaan\source\repos\prototypemain\prototypemain\source.cpp(45): warning C4129: '_': unrecognized character escape sequence
c:\users\eeshaan\source\repos\prototypemain\prototypemain\source.cpp(46): warning C4129: '_': unrecognized character escape sequence
c:\users\eeshaan\source\repos\prototypemain\prototypemain\source.cpp(47): warning C4129: '_': unrecognized character escape sequence
c:\users\eeshaan\source\repos\prototypemain\prototypemain\source.cpp(48): warning C4129: '_': unrecognized character escape sequence
c:\users\eeshaan\source\repos\prototypemain\prototypemain\source.cpp(49): warning C4129: '_': unrecognized character escape sequence
c:\users\eeshaan\source\repos\prototypemain\prototypemain\source.cpp(50): warning C4129: '_': unrecognized character escape sequence
c:\users\eeshaan\source\repos\prototypemain\prototypemain\source.cpp(51): warning C4129: '_': unrecognized character escape sequence
c:\users\eeshaan\source\repos\prototypemain\prototypemain\source.cpp(52): warning C4129: '_': unrecognized character escape sequence
c:\users\eeshaan\source\repos\prototypemain\prototypemain\source.cpp(53): warning C4129: '_': unrecognized character escape sequence
c:\users\eeshaan\source\repos\prototypemain\prototypemain\source.cpp(54): warning C4129: '_': unrecognized character escape sequence
c:\users\eeshaan\source\repos\prototypemain\prototypemain\source.cpp(55): warning C4129: '_': unrecognized character escape sequence
c:\users\eeshaan\source\repos\prototypemain\prototypemain\source.cpp(56): warning C4129: '_': unrecognized character escape sequence
c:\users\eeshaan\source\repos\prototypemain\prototypemain\source.cpp(57): warning C4129: '_': unrecognized character escape sequence
c:\users\eeshaan\source\repos\prototypemain\prototypemain\source.cpp(58): warning C4129: '_': unrecognized character escape sequence
c:\users\eeshaan\source\repos\prototypemain\prototypemain\source.cpp(59): warning C4129: '_': unrecognized character escape sequence
c:\users\eeshaan\source\repos\prototypemain\prototypemain\source.cpp(60): warning C4129: '_': unrecognized character escape sequence
c:\users\eeshaan\source\repos\prototypemain\prototypemain\source.cpp(61): warning C4129: '_': unrecognized character escape sequence
c:\users\eeshaan\source\repos\prototypemain\prototypemain\source.cpp(62): warning C4129: '_': unrecognized character escape sequence
c:\users\eeshaan\source\repos\prototypemain\prototypemain\source.cpp(63): warning C4129: '_': unrecognized character escape sequence
c:\users\eeshaan\source\repos\prototypemain\prototypemain\source.cpp(64): warning C4129: '_': unrecognized character escape sequence
c:\users\eeshaan\source\repos\prototypemain\prototypemain\source.cpp(65): warning C4129: '_': unrecognized character escape sequence
c:\users\eeshaan\source\repos\prototypemain\prototypemain\source.cpp(66): warning C4129: '_': unrecognized character escape sequence
c:\users\eeshaan\source\repos\prototypemain\prototypemain\source.cpp(67): warning C4129: '_': unrecognized character escape sequence
c:\users\eeshaan\source\repos\prototypemain\prototypemain\source.cpp(68): warning C4129: '_': unrecognized character escape sequence
c:\users\eeshaan\source\repos\prototypemain\prototypemain\source.cpp(69): warning C4129: '_': unrecognized character escape sequence
c:\users\eeshaan\source\repos\prototypemain\prototypemain\source.cpp(70): warning C4129: '_': unrecognized character escape sequence
c:\users\eeshaan\source\repos\prototypemain\prototypemain\source.cpp(71): warning C4129: '_': unrecognized character escape sequence
c:\users\eeshaan\source\repos\prototypemain\prototypemain\source.cpp(77): warning C4129: '_': unrecognized character escape sequence
c:\users\eeshaan\source\repos\prototypemain\prototypemain\source.cpp(78): warning C4129: '_': unrecognized character escape sequence
c:\users\eeshaan\source\repos\prototypemain\prototypemain\source.cpp(79): warning C4129: '_': unrecognized character escape sequence
c:\users\eeshaan\source\repos\prototypemain\prototypemain\source.cpp(80): warning C4129: '_': unrecognized character escape sequence
c:\users\eeshaan\source\repos\prototypemain\prototypemain\source.cpp(81): warning C4129: '_': unrecognized character escape sequence
c:\users\eeshaan\source\repos\prototypemain\prototypemain\source.cpp(82): warning C4129: '_': unrecognized character escape sequence
c:\users\eeshaan\source\repos\prototypemain\prototypemain\source.cpp(83): warning C4129: '_': unrecognized character escape sequence
c:\users\eeshaan\source\repos\prototypemain\prototypemain\source.cpp(84): warning C4129: '_': unrecognized character escape sequence
c:\users\eeshaan\source\repos\prototypemain\prototypemain\source.cpp(85): warning C4129: '_': unrecognized character escape sequence
c:\users\eeshaan\source\repos\prototypemain\prototypemain\source.cpp(86): warning C4129: '_': unrecognized character escape sequence
c:\users\eeshaan\source\repos\prototypemain\prototypemain\source.cpp(87): warning C4129: '_': unrecognized character escape sequence
c:\users\eeshaan\source\repos\prototypemain\prototypemain\source.cpp(88): warning C4129: '_': unrecognized character escape sequence
c:\users\eeshaan\source\repos\prototypemain\prototypemain\source.cpp(89): warning C4129: '_': unrecognized character escape sequence
c:\users\eeshaan\source\repos\prototypemain\prototypemain\source.cpp(90): warning C4129: '_': unrecognized character escape sequence
c:\users\eeshaan\source\repos\prototypemain\prototypemain\source.cpp(91): warning C4129: '_': unrecognized character escape sequence
c:\users\eeshaan\source\repos\prototypemain\prototypemain\source.cpp(92): warning C4129: '_': unrecognized character escape sequence
c:\users\eeshaan\source\repos\prototypemain\prototypemain\source.cpp(93): warning C4129: '_': unrecognized character escape sequence
c:\users\eeshaan\source\repos\prototypemain\prototypemain\source.cpp(94): warning C4129: '_': unrecognized character escape sequence
c:\users\eeshaan\source\repos\prototypemain\prototypemain\source.cpp(95): warning C4129: '_': unrecognized character escape sequence
c:\users\eeshaan\source\repos\prototypemain\prototypemain\source.cpp(96): warning C4129: '_': unrecognized character escape sequence
c:\users\eeshaan\source\repos\prototypemain\prototypemain\source.cpp(97): warning C4129: '_': unrecognized character escape sequence
c:\users\eeshaan\source\repos\prototypemain\prototypemain\source.cpp(98): warning C4129: '_': unrecognized character escape sequence
c:\users\eeshaan\source\repos\prototypemain\prototypemain\source.cpp(99): warning C4129: '_': unrecognized character escape sequence
c:\users\eeshaan\source\repos\prototypemain\prototypemain\source.cpp(100): warning C4129: '_': unrecognized character escape sequence
c:\users\eeshaan\source\repos\prototypemain\prototypemain\source.cpp(101): warning C4129: '_': unrecognized character escape sequence
c:\users\eeshaan\source\repos\prototypemain\prototypemain\source.cpp(102): warning C4129: '_': unrecognized character escape sequence
c:\users\eeshaan\source\repos\prototypemain\prototypemain\source.cpp(103): warning C4129: '_': unrecognized character escape sequence
c:\users\eeshaan\source\repos\prototypemain\prototypemain\source.cpp(104): warning C4129: '_': unrecognized character escape sequence
c:\users\eeshaan\source\repos\prototypemain\prototypemain\source.cpp(105): warning C4129: '_': unrecognized character escape sequence
c:\users\eeshaan\source\repos\prototypemain\prototypemain\source.cpp(106): warning C4129: '_': unrecognized character escape sequence
c:\users\eeshaan\source\repos\prototypemain\prototypemain\source.cpp(107): warning C4129: '_': unrecognized character escape sequence
c:\users\eeshaan\source\repos\prototypemain\prototypemain\source.cpp(108): warning C4129: '_': unrecognized character escape sequence
c:\users\eeshaan\source\repos\prototypemain\prototypemain\source.cpp(109): warning C4129: '_': unrecognized character escape sequence
c:\users\eeshaan\source\repos\prototypemain\prototypemain\source.cpp(110): warning C4129: '_': unrecognized character escape sequence
c:\users\eeshaan\source\repos\prototypemain\prototypemain\source.cpp(111): warning C4129: '_': unrecognized character escape sequence
c:\users\eeshaan\source\repos\prototypemain\prototypemain\source.cpp(157): warning C4129: '_': unrecognized character escape sequence
c:\users\eeshaan\source\repos\prototypemain\prototypemain\source.cpp(158): warning C4129: '_': unrecognized character escape sequence
c:\users\eeshaan\source\repos\prototypemain\prototypemain\source.cpp(159): warning C4129: '_': unrecognized character escape sequence
c:\users\eeshaan\source\repos\prototypemain\prototypemain\source.cpp(160): warning C4129: '_': unrecognized character escape sequence
c:\users\eeshaan\source\repos\prototypemain\prototypemain\source.cpp(161): warning C4129: '_': unrecognized character escape sequence
c:\users\eeshaan\source\repos\prototypemain\prototypemain\source.cpp(162): warning C4129: '_': unrecognized character escape sequence
c:\users\eeshaan\source\repos\prototypemain\prototypemain\source.cpp(163): warning C4129: '_': unrecognized character escape sequence
c:\users\eeshaan\source\repos\prototypemain\prototypemain\source.cpp(164): warning C4129: '_': unrecognized character escape sequence
c:\users\eeshaan\source\repos\prototypemain\prototypemain\source.cpp(165): warning C4129: '_': unrecognized character escape sequence
c:\users\eeshaan\source\repos\prototypemain\prototypemain\source.cpp(166): warning C4129: '_': unrecognized character escape sequence
c:\users\eeshaan\source\repos\prototypemain\prototypemain\source.cpp(167): warning C4129: '_': unrecognized character escape sequence
c:\users\eeshaan\source\repos\prototypemain\prototypemain\source.cpp(168): warning C4129: '_': unrecognized character escape sequence
c:\users\eeshaan\source\repos\prototypemain\prototypemain\source.cpp(169): warning C4129: '_': unrecognized character escape sequence
c:\users\eeshaan\source\repos\prototypemain\prototypemain\source.cpp(170): warning C4129: '_': unrecognized character escape sequence
c:\users\eeshaan\source\repos\prototypemain\prototypemain\source.cpp(171): warning C4129: '_': unrecognized character escape sequence
c:\users\eeshaan\source\repos\prototypemain\prototypemain\source.cpp(172): warning C4129: '_': unrecognized character escape sequence
c:\users\eeshaan\source\repos\prototypemain\prototypemain\source.cpp(173): warning C4129: '_': unrecognized character escape sequence
c:\users\eeshaan\source\repos\prototypemain\prototypemain\source.cpp(174): warning C4129: '_': unrecognized character escape sequence
c:\users\eeshaan\source\repos\prototypemain\prototypemain\source.cpp(175): warning C4129: '_': unrecognized character escape sequence
c:\users\eeshaan\source\repos\prototypemain\prototypemain\source.cpp(176): warning C4129: '_': unrecognized character escape sequence
c:\users\eeshaan\source\repos\prototypemain\prototypemain\source.cpp(177): warning C4129: '_': unrecognized character escape sequence
c:\users\eeshaan\source\repos\prototypemain\prototypemain\source.cpp(178): warning C4129: '_': unrecognized character escape sequence
c:\users\eeshaan\source\repos\prototypemain\prototypemain\source.cpp(179): warning C4129: '_': unrecognized character escape sequence
c:\users\eeshaan\source\repos\prototypemain\prototypemain\source.cpp(180): warning C4129: '_': unrecognized character escape sequence
c:\users\eeshaan\source\repos\prototypemain\prototypemain\source.cpp(181): warning C4129: '_': unrecognized character escape sequence
c:\users\eeshaan\source\repos\prototypemain\prototypemain\source.cpp(182): warning C4129: '_': unrecognized character escape sequence
c:\users\eeshaan\source\repos\prototypemain\prototypemain\source.cpp(183): warning C4129: '_': unrecognized character escape sequence
c:\users\eeshaan\source\repos\prototypemain\prototypemain\source.cpp(184): warning C4129: '_': unrecognized character escape sequence
c:\users\eeshaan\source\repos\prototypemain\prototypemain\source.cpp(185): warning C4129: '_': unrecognized character escape sequence
c:\users\eeshaan\source\repos\prototypemain\prototypemain\source.cpp(186): warning C4129: '_': unrecognized character escape sequence
c:\users\eeshaan\source\repos\prototypemain\prototypemain\source.cpp(187): warning C4129: '_': unrecognized character escape sequence
c:\users\eeshaan\source\repos\prototypemain\prototypemain\source.cpp(188): warning C4129: '_': unrecognized character escape sequence
c:\users\eeshaan\source\repos\prototypemain\prototypemain\source.cpp(189): warning C4129: '_': unrecognized character escape sequence
c:\users\eeshaan\source\repos\prototypemain\prototypemain\source.cpp(190): warning C4129: '_': unrecognized character escape sequence
c:\users\eeshaan\source\repos\prototypemain\prototypemain\source.cpp(191): warning C4129: '_': unrecognized character escape sequence
c:\users\eeshaan\source\repos\prototypemain\prototypemain\source.cpp(235): warning C4129: '_': unrecognized character escape sequence
c:\users\eeshaan\source\repos\prototypemain\prototypemain\source.cpp(236): warning C4129: '_': unrecognized character escape sequence
c:\users\eeshaan\source\repos\prototypemain\prototypemain\source.cpp(237): warning C4129: '_': unrecognized character escape sequence
c:\users\eeshaan\source\repos\prototypemain\prototypemain\source.cpp(238): warning C4129: '_': unrecognized character escape sequence
c:\users\eeshaan\source\repos\prototypemain\prototypemain\source.cpp(239): warning C4129: '_': unrecognized character escape sequence
c:\users\eeshaan\source\repos\prototypemain\prototypemain\source.cpp(240): warning C4129: '_': unrecognized character escape sequence
c:\users\eeshaan\source\repos\prototypemain\prototypemain\source.cpp(241): warning C4129: '_': unrecognized character escape sequence
c:\users\eeshaan\source\repos\prototypemain\prototypemain\source.cpp(242): warning C4129: '_': unrecognized character escape sequence
c:\users\eeshaan\source\repos\prototypemain\prototypemain\source.cpp(243): warning C4129: '_': unrecognized character escape sequence
c:\users\eeshaan\source\repos\prototypemain\prototypemain\source.cpp(244): warning C4129: '_': unrecognized character escape sequence
c:\users\eeshaan\source\repos\prototypemain\prototypemain\source.cpp(245): warning C4129: '_': unrecognized character escape sequence
c:\users\eeshaan\source\repos\prototypemain\prototypemain\source.cpp(246): warning C4129: '_': unrecognized character escape sequence
c:\users\eeshaan\source\repos\prototypemain\prototypemain\source.cpp(247): warning C4129: '_': unrecognized character escape sequence
c:\users\eeshaan\source\repos\prototypemain\prototypemain\source.cpp(248): warning C4129: '_': unrecognized character escape sequence
c:\users\eeshaan\source\repos\prototypemain\prototypemain\source.cpp(249): warning C4129: '_': unrecognized character escape sequence
c:\users\eeshaan\source\repos\prototypemain\prototypemain\source.cpp(250): warning C4129: '_': unrecognized character escape sequence
c:\users\eeshaan\source\repos\prototypemain\prototypemain\source.cpp(251): warning C4129: '_': unrecognized character escape sequence
c:\users\eeshaan\source\repos\prototypemain\prototypemain\source.cpp(252): warning C4129: '_': unrecognized character escape sequence
c:\users\eeshaan\source\repos\prototypemain\prototypemain\source.cpp(253): warning C4129: '_': unrecognized character escape sequence
c:\users\eeshaan\source\repos\prototypemain\prototypemain\source.cpp(254): warning C4129: '_': unrecognized character escape sequence
c:\users\eeshaan\source\repos\prototypemain\prototypemain\source.cpp(255): warning C4129: '_': unrecognized character escape sequence
c:\users\eeshaan\source\repos\prototypemain\prototypemain\source.cpp(256): warning C4129: '_': unrecognized character escape sequence
c:\users\eeshaan\source\repos\prototypemain\prototypemain\source.cpp(257): warning C4129: '_': unrecognized character escape sequence
c:\users\eeshaan\source\repos\prototypemain\prototypemain\source.cpp(258): warning C4129: '_': unrecognized character escape sequence
c:\users\eeshaan\source\repos\prototypemain\prototypemain\source.cpp(259): warning C4129: '_': unrecognized character escape sequence
c:\users\eeshaan\source\repos\prototypemain\prototypemain\source.cpp(260): warning C4129: '_': unrecognized character escape sequence
c:\users\eeshaan\source\repos\prototypemain\prototypemain\source.cpp(261): warning C4129: '_': unrecognized character escape sequence
c:\users\eeshaan\source\repos\prototypemain\prototypemain\source.cpp(262): warning C4129: '_': unrecognized character escape sequence
c:\users\eeshaan\source\repos\prototypemain\prototypemain\source.cpp(263): warning C4129: '_': unrecognized character escape sequence
c:\users\eeshaan\source\repos\prototypemain\prototypemain\source.cpp(264): warning C4129: '_': unrecognized character escape sequence
c:\users\eeshaan\source\repos\prototypemain\prototypemain\source.cpp(265): warning C4129: '_': unrecognized character escape sequence
c:\users\eeshaan\source\repos\prototypemain\prototypemain\source.cpp(266): warning C4129: '_': unrecognized character escape sequence
c:\users\eeshaan\source\repos\prototypemain\prototypemain\source.cpp(267): warning C4129: '_': unrecognized character escape sequence
c:\users\eeshaan\source\repos\prototypemain\prototypemain\source.cpp(268): warning C4129: '_': unrecognized character escape sequence
c:\users\eeshaan\source\repos\prototypemain\prototypemain\source.cpp(269): warning C4129: '_': unrecognized character escape sequence
c:\users\eeshaan\source\repos\prototypemain\prototypemain\source.cpp(310): warning C4129: '_': unrecognized character escape sequence
c:\users\eeshaan\source\repos\prototypemain\prototypemain\source.cpp(311): warning C4129: '_': unrecognized character escape sequence
c:\users\eeshaan\source\repos\prototypemain\prototypemain\source.cpp(312): warning C4129: '_': unrecognized character escape sequence
c:\users\eeshaan\source\repos\prototypemain\prototypemain\source.cpp(313): warning C4129: '_': unrecognized character escape sequence
c:\users\eeshaan\source\repos\prototypemain\prototypemain\source.cpp(314): warning C4129: '_': unrecognized character escape sequence
c:\users\eeshaan\source\repos\prototypemain\prototypemain\source.cpp(315): warning C4129: '_': unrecognized character escape sequence
c:\users\eeshaan\source\repos\prototypemain\prototypemain\source.cpp(316): warning C4129: '_': unrecognized character escape sequence
c:\users\eeshaan\source\repos\prototypemain\prototypemain\source.cpp(317): warning C4129: '_': unrecognized character escape sequence
c:\users\eeshaan\source\repos\prototypemain\prototypemain\source.cpp(318): warning C4129: '_': unrecognized character escape sequence
c:\users\eeshaan\source\repos\prototypemain\prototypemain\source.cpp(319): warning C4129: '_': unrecognized character escape sequence
c:\users\eeshaan\source\repos\prototypemain\prototypemain\source.cpp(320): warning C4129: '_': unrecognized character escape sequence
c:\users\eeshaan\source\repos\prototypemain\prototypemain\source.cpp(321): warning C4129: '_': unrecognized character escape sequence
c:\users\eeshaan\source\repos\prototypemain\prototypemain\source.cpp(322): warning C4129: '_': unrecognized character escape sequence
c:\users\eeshaan\source\repos\prototypemain\prototypemain\source.cpp(323): warning C4129: '_': unrecognized character escape sequence
c:\users\eeshaan\source\repos\prototypemain\prototypemain\source.cpp(324): warning C4129: '_': unrecognized character escape sequence
c:\users\eeshaan\source\repos\prototypemain\prototypemain\source.cpp(325): warning C4129: '_': unrecognized character escape sequence
c:\users\eeshaan\source\repos\prototypemain\prototypemain\source.cpp(326): warning C4129: '_': unrecognized character escape sequence
c:\users\eeshaan\source\repos\prototypemain\prototypemain\source.cpp(327): warning C4129: '_': unrecognized character escape sequence
c:\users\eeshaan\source\repos\prototypemain\prototypemain\source.cpp(328): warning C4129: '_': unrecognized character escape sequence
c:\users\eeshaan\source\repos\prototypemain\prototypemain\source.cpp(329): warning C4129: '_': unrecognized character escape sequence
c:\users\eeshaan\source\repos\prototypemain\prototypemain\source.cpp(330): warning C4129: '_': unrecognized character escape sequence
c:\users\eeshaan\source\repos\prototypemain\prototypemain\source.cpp(331): warning C4129: '_': unrecognized character escape sequence
c:\users\eeshaan\source\repos\prototypemain\prototypemain\source.cpp(332): warning C4129: '_': unrecognized character escape sequence
c:\users\eeshaan\source\repos\prototypemain\prototypemain\source.cpp(333): warning C4129: '_': unrecognized character escape sequence
c:\users\eeshaan\source\repos\prototypemain\prototypemain\source.cpp(334): warning C4129: '_': unrecognized character escape sequence
c:\users\eeshaan\source\repos\prototypemain\prototypemain\source.cpp(335): warning C4129: '_': unrecognized character escape sequence
c:\users\eeshaan\source\repos\prototypemain\prototypemain\source.cpp(336): warning C4129: '_': unrecognized character escape sequence
c:\users\eeshaan\source\repos\prototypemain\prototypemain\source.cpp(337): warning C4129: '_': unrecognized character escape sequence
c:\users\eeshaan\source\repos\prototypemain\prototypemain\source.cpp(338): warning C4129: '_': unrecognized character escape sequence
c:\users\eeshaan\source\repos\prototypemain\prototypemain\source.cpp(339): warning C4129: '_': unrecognized character escape sequence
c:\users\eeshaan\source\repos\prototypemain\prototypemain\source.cpp(340): warning C4129: '_': unrecognized character escape sequence
c:\users\eeshaan\source\repos\prototypemain\prototypemain\source.cpp(341): warning C4129: '_': unrecognized character escape sequence
c:\users\eeshaan\source\repos\prototypemain\prototypemain\source.cpp(342): warning C4129: '_': unrecognized character escape sequence
c:\users\eeshaan\source\repos\prototypemain\prototypemain\source.cpp(343): warning C4129: '_': unrecognized character escape sequence
c:\users\eeshaan\source\repos\prototypemain\prototypemain\source.cpp(344): warning C4129: '_': unrecognized character escape sequence
c:\users\eeshaan\source\repos\prototypemain\prototypemain\source.cpp(388): warning C4129: '_': unrecognized character escape sequence
c:\users\eeshaan\source\repos\prototypemain\prototypemain\source.cpp(389): warning C4129: '_': unrecognized character escape sequence
c:\users\eeshaan\source\repos\prototypemain\prototypemain\source.cpp(390): warning C4129: '_': unrecognized character escape sequence
c:\users\eeshaan\source\repos\prototypemain\prototypemain\source.cpp(391): warning C4129: '_': unrecognized character escape sequence
c:\users\eeshaan\source\repos\prototypemain\prototypemain\source.cpp(392): warning C4129: '_': unrecognized character escape sequence
c:\users\eeshaan\source\repos\prototypemain\prototypemain\source.cpp(393): warning C4129: '_': unrecognized character escape sequence
c:\users\eeshaan\source\repos\prototypemain\prototypemain\source.cpp(394): warning C4129: '_': unrecognized character escape sequence
c:\users\eeshaan\source\repos\prototypemain\prototypemain\source.cpp(395): warning C4129: '_': unrecognized character escape sequence
c:\users\eeshaan\source\repos\prototypemain\prototypemain\source.cpp(396): warning C4129: '_': unrecognized character escape sequence
c:\users\eeshaan\source\repos\prototypemain\prototypemain\source.cpp(397): warning C4129: '_': unrecognized character escape sequence
c:\users\eeshaan\source\repos\prototypemain\prototypemain\source.cpp(398): warning C4129: '_': unrecognized character escape sequence
c:\users\eeshaan\source\repos\prototypemain\prototypemain\source.cpp(399): warning C4129: '_': unrecognized character escape sequence
c:\users\eeshaan\source\repos\prototypemain\prototypemain\source.cpp(400): warning C4129: '_': unrecognized character escape sequence
c:\users\eeshaan\source\repos\prototypemain\prototypemain\source.cpp(401): warning C4129: '_': unrecognized character escape sequence
c:\users\eeshaan\source\repos\prototypemain\prototypemain\source.cpp(402): warning C4129: '_': unrecognized character escape sequence
c:\users\eeshaan\source\repos\prototypemain\prototypemain\source.cpp(403): warning C4129: '_': unrecognized character escape sequence
c:\users\eeshaan\source\repos\prototypemain\prototypemain\source.cpp(404): warning C4129: '_': unrecognized character escape sequence
c:\users\eeshaan\source\repos\prototypemain\prototypemain\source.cpp(405): warning C4129: '_': unrecognized character escape sequence
c:\users\eeshaan\source\repos\prototypemain\prototypemain\source.cpp(406): warning C4129: '_': unrecognized character escape sequence
c:\users\eeshaan\source\repos\prototypemain\prototypemain\source.cpp(407): warning C4129: '_': unrecognized character escape sequence
c:\users\eeshaan\source\repos\prototypemain\prototypemain\source.cpp(408): warning C4129: '_': unrecognized character escape sequence
c:\users\eeshaan\source\repos\prototypemain\prototypemain\source.cpp(409): warning C4129: '_': unrecognized character escape sequence
c:\users\eeshaan\source\repos\prototypemain\prototypemain\source.cpp(410): warning C4129: '_': unrecognized character escape sequence
c:\users\eeshaan\source\repos\prototypemain\prototypemain\source.cpp(411): warning C4129: '_': unrecognized character escape sequence
c:\users\eeshaan\source\repos\prototypemain\prototypemain\source.cpp(412): warning C4129: '_': unrecognized character escape sequence
c:\users\eeshaan\source\repos\prototypemain\prototypemain\source.cpp(413): warning C4129: '_': unrecognized character escape sequence
c:\users\eeshaan\source\repos\prototypemain\prototypemain\source.cpp(414): warning C4129: '_': unrecognized character escape sequence
c:\users\eeshaan\source\repos\prototypemain\prototypemain\source.cpp(415): warning C4129: '_': unrecognized character escape sequence
c:\users\eeshaan\source\repos\prototypemain\prototypemain\source.cpp(416): warning C4129: '_': unrecognized character escape sequence
c:\users\eeshaan\source\repos\prototypemain\prototypemain\source.cpp(417): warning C4129: '_': unrecognized character escape sequence
c:\users\eeshaan\source\repos\prototypemain\prototypemain\source.cpp(418): warning C4129: '_': unrecognized character escape sequence
c:\users\eeshaan\source\repos\prototypemain\prototypemain\source.cpp(419): warning C4129: '_': unrecognized character escape sequence
c:\users\eeshaan\source\repos\prototypemain\prototypemain\source.cpp(420): warning C4129: '_': unrecognized character escape sequence
c:\users\eeshaan\source\repos\prototypemain\prototypemain\source.cpp(421): warning C4129: '_': unrecognized character escape sequence
c:\users\eeshaan\source\repos\prototypemain\prototypemain\source.cpp(422): warning C4129: '_': unrecognized character escape sequence
c:\users\eeshaan\source\repos\prototypemain\prototypemain\source.cpp(495): warning C4129: '_': unrecognized character escape sequence
c:\users\eeshaan\source\repos\prototypemain\prototypemain\source.cpp(496): warning C4129: '_': unrecognized character escape sequence
c:\users\eeshaan\source\repos\prototypemain\prototypemain\source.cpp(497): warning C4129: '_': unrecognized character escape sequence
c:\users\eeshaan\source\repos\prototypemain\prototypemain\source.cpp(498): warning C4129: '_': unrecognized character escape sequence
c:\users\eeshaan\source\repos\prototypemain\prototypemain\source.cpp(499): warning C4129: '_': unrecognized character escape sequence
c:\users\eeshaan\source\repos\prototypemain\prototypemain\source.cpp(503): warning C4129: '_': unrecognized character escape sequence
c:\users\eeshaan\source\repos\prototypemain\prototypemain\source.cpp(504): warning C4129: '_': unrecognized character escape sequence
c:\users\eeshaan\source\repos\prototypemain\prototypemain\source.cpp(505): warning C4129: '_': unrecognized character escape sequence
c:\users\eeshaan\source\repos\prototypemain\prototypemain\source.cpp(506): warning C4129: '_': unrecognized character escape sequence
c:\users\eeshaan\source\repos\prototypemain\prototypemain\source.cpp(507): warning C4129: '_': unrecognized character escape sequence
c:\users\eeshaan\source\repos\prototypemain\prototypemain\source.cpp(508): warning C4129: '_': unrecognized character escape sequence
c:\users\eeshaan\source\repos\prototypemain\prototypemain\source.cpp(509): warning C4129: '_': unrecognized character escape sequence
c:\users\eeshaan\source\repos\prototypemain\prototypemain\source.cpp(510): warning C4129: '_': unrecognized character escape sequence
c:\users\eeshaan\source\repos\prototypemain\prototypemain\source.cpp(511): warning C4129: '_': unrecognized character escape sequence
c:\users\eeshaan\source\repos\prototypemain\prototypemain\source.cpp(512): warning C4129: '_': unrecognized character escape sequence
c:\users\eeshaan\source\repos\prototypemain\prototypemain\source.cpp(513): warning C4129: '_': unrecognized character escape sequence
c:\users\eeshaan\source\repos\prototypemain\prototypemain\source.cpp(514): warning C4129: '_': unrecognized character escape sequence
c:\users\eeshaan\source\repos\prototypemain\prototypemain\source.cpp(515): warning C4129: '_': unrecognized character escape sequence
c:\users\eeshaan\source\repos\prototypemain\prototypemain\source.cpp(516): warning C4129: '_': unrecognized character escape sequence
c:\users\eeshaan\source\repos\prototypemain\prototypemain\source.cpp(517): warning C4129: '_': unrecognized character escape sequence
c:\users\eeshaan\source\repos\prototypemain\prototypemain\source.cpp(518): warning C4129: '_': unrecognized character escape sequence
c:\users\eeshaan\source\repos\prototypemain\prototypemain\source.cpp(519): warning C4129: '_': unrecognized character escape sequence
c:\users\eeshaan\source\repos\prototypemain\prototypemain\source.cpp(520): warning C4129: '_': unrecognized character escape sequence
c:\users\eeshaan\source\repos\prototypemain\prototypemain\source.cpp(521): warning C4129: '_': unrecognized character escape sequence
c:\users\eeshaan\source\repos\prototypemain\prototypemain\source.cpp(522): warning C4129: '_': unrecognized character escape sequence
c:\users\eeshaan\source\repos\prototypemain\prototypemain\source.cpp(523): warning C4129: '_': unrecognized character escape sequence
c:\users\eeshaan\source\repos\prototypemain\prototypemain\source.cpp(524): warning C4129: '_': unrecognized character escape sequence
c:\users\eeshaan\source\repos\prototypemain\prototypemain\source.cpp(525): warning C4129: '_': unrecognized character escape sequence
c:\users\eeshaan\source\repos\prototypemain\prototypemain\source.cpp(526): warning C4129: '_': unrecognized character escape sequence
c:\users\eeshaan\source\repos\prototypemain\prototypemain\source.cpp(527): warning C4129: '_': unrecognized character escape sequence
c:\users\eeshaan\source\repos\prototypemain\prototypemain\source.cpp(528): warning C4129: '_': unrecognized character escape sequence
c:\users\eeshaan\source\repos\prototypemain\prototypemain\source.cpp(537): warning C4101: 'i': unreferenced local variable
c:\users\eeshaan\source\repos\prototypemain\prototypemain\source.cpp(622): warning C4129: '_': unrecognized character escape sequence
c:\users\eeshaan\source\repos\prototypemain\prototypemain\source.cpp(623): warning C4129: '_': unrecognized character escape sequence
c:\users\eeshaan\source\repos\prototypemain\prototypemain\source.cpp(624): warning C4129: '_': unrecognized character escape sequence
c:\users\eeshaan\source\repos\prototypemain\prototypemain\source.cpp(625): warning C4129: '_': unrecognized character escape sequence
c:\users\eeshaan\source\repos\prototypemain\prototypemain\source.cpp(626): warning C4129: '_': unrecognized character escape sequence
c:\users\eeshaan\source\repos\prototypemain\prototypemain\source.cpp(627): warning C4129: '_': unrecognized character escape sequence
c:\users\eeshaan\source\repos\prototypemain\prototypemain\source.cpp(628): warning C4129: '_': unrecognized character escape sequence
c:\users\eeshaan\source\repos\prototypemain\prototypemain\source.cpp(629): warning C4129: '_': unrecognized character escape sequence
c:\users\eeshaan\source\repos\prototypemain\prototypemain\source.cpp(630): warning C4129: '_': unrecognized character escape sequence
c:\users\eeshaan\source\repos\prototypemain\prototypemain\source.cpp(631): warning C4129: '_': unrecognized character escape sequence
c:\users\eeshaan\source\repos\prototypemain\prototypemain\source.cpp(632): warning C4129: '_': unrecognized character escape sequence
c:\users\eeshaan\source\repos\prototypemain\prototypemain\source.cpp(633): warning C4129: '_': unrecognized character escape sequence
c:\users\eeshaan\source\repos\prototypemain\prototypemain\source.cpp(634): warning C4129: '_': unrecognized character escape sequence
c:\users\eeshaan\source\repos\prototypemain\prototypemain\source.cpp(635): warning C4129: '_': unrecognized character escape sequence
c:\users\eeshaan\source\repos\prototypemain\prototypemain\source.cpp(636): warning C4129: '_': unrecognized character escape sequence
c:\users\eeshaan\source\repos\prototypemain\prototypemain\source.cpp(637): warning C4129: '_': unrecognized character escape sequence
c:\users\eeshaan\source\repos\prototypemain\prototypemain\source.cpp(638): warning C4129: '_': unrecognized character escape sequence
c:\users\eeshaan\source\repos\prototypemain\prototypemain\source.cpp(639): warning C4129: '_': unrecognized character escape sequence
c:\users\eeshaan\source\repos\prototypemain\prototypemain\source.cpp(640): warning C4129: '_': unrecognized character escape sequence
c:\users\eeshaan\source\repos\prototypemain\prototypemain\source.cpp(641): warning C4129: '_': unrecognized character escape sequence
c:\users\eeshaan\source\repos\prototypemain\prototypemain\source.cpp(642): warning C4129: '_': unrecognized character escape sequence
c:\users\eeshaan\source\repos\prototypemain\prototypemain\source.cpp(643): warning C4129: '_': unrecognized character escape sequence
c:\users\eeshaan\source\repos\prototypemain\prototypemain\source.cpp(644): warning C4129: '_': unrecognized character escape sequence
c:\users\eeshaan\source\repos\prototypemain\prototypemain\source.cpp(645): warning C4129: '_': unrecognized character escape sequence
c:\users\eeshaan\source\repos\prototypemain\prototypemain\source.cpp(646): warning C4129: '_': unrecognized character escape sequence
c:\users\eeshaan\source\repos\prototypemain\prototypemain\source.cpp(647): warning C4129: '_': unrecognized character escape sequence
c:\users\eeshaan\source\repos\prototypemain\prototypemain\source.cpp(648): warning C4129: '_': unrecognized character escape sequence
c:\users\eeshaan\source\repos\prototypemain\prototypemain\source.cpp(649): warning C4129: '_': unrecognized character escape sequence
c:\users\eeshaan\source\repos\prototypemain\prototypemain\source.cpp(650): warning C4129: '_': unrecognized character escape sequence
c:\users\eeshaan\source\repos\prototypemain\prototypemain\source.cpp(651): warning C4129: '_': unrecognized character escape sequence
c:\users\eeshaan\source\repos\prototypemain\prototypemain\source.cpp(652): warning C4129: '_': unrecognized character escape sequence
c:\users\eeshaan\source\repos\prototypemain\prototypemain\source.cpp(653): warning C4129: '_': unrecognized character escape sequence
c:\users\eeshaan\source\repos\prototypemain\prototypemain\source.cpp(654): warning C4129: '_': unrecognized character escape sequence
c:\users\eeshaan\source\repos\prototypemain\prototypemain\source.cpp(655): warning C4129: '_': unrecognized character escape sequence
c:\users\eeshaan\source\repos\prototypemain\prototypemain\source.cpp(656): warning C4129: '_': unrecognized character escape sequence
c:\users\eeshaan\source\repos\prototypemain\prototypemain\source.cpp(657): warning C4129: '_': unrecognized character escape sequence
c:\users\eeshaan\source\repos\prototypemain\prototypemain\source.cpp(658): warning C4129: '_': unrecognized character escape sequence
c:\users\eeshaan\source\repos\prototypemain\prototypemain\source.cpp(689): warning C4551: function call missing argument list
  Generating code
  2 of 151 functions ( 1.3%) were compiled, the rest were copied from previous compilation.
    0 functions were new in current compilation
    1 functions had inline decision re-evaluated but remain unchanged
  Finished generating code
  PrototypeMAIN.vcxproj -> C:\Users\eeshaan\source\repos\PrototypeMAIN\Release\PrototypeMAIN.exe
