  enter.cpp
c:\users\eeshaan\source\repos\prototypemain\prototypemain\enter.cpp(206): warning C4129: '_': unrecognized character escape sequence
c:\users\eeshaan\source\repos\prototypemain\prototypemain\enter.cpp(340): warning C4129: '_': unrecognized character escape sequence
c:\users\eeshaan\source\repos\prototypemain\prototypemain\enter.cpp(423): warning C4129: '_': unrecognized character escape sequence
c:\users\eeshaan\source\repos\prototypemain\prototypemain\enter.cpp(424): warning C4129: '_': unrecognized character escape sequence
c:\users\eeshaan\source\repos\prototypemain\prototypemain\enter.cpp(425): warning C4129: '_': unrecognized character escape sequence
c:\users\eeshaan\source\repos\prototypemain\prototypemain\enter.cpp(426): warning C4129: '_': unrecognized character escape sequence
c:\users\eeshaan\source\repos\prototypemain\prototypemain\enter.cpp(427): warning C4129: '_': unrecognized character escape sequence
c:\users\eeshaan\source\repos\prototypemain\prototypemain\enter.cpp(428): warning C4129: ' ': unrecognized character escape sequence
c:\users\eeshaan\source\repos\prototypemain\prototypemain\enter.cpp(428): warning C4129: '_': unrecognized character escape sequence
c:\users\eeshaan\source\repos\prototypemain\prototypemain\enter.cpp(429): warning C4129: '_': unrecognized character escape sequence
c:\users\eeshaan\source\repos\prototypemain\prototypemain\enter.cpp(430): warning C4129: '_': unrecognized character escape sequence
c:\users\eeshaan\source\repos\prototypemain\prototypemain\enter.cpp(431): warning C4129: ' ': unrecognized character escape sequence
c:\users\eeshaan\source\repos\prototypemain\prototypemain\enter.cpp(431): warning C4129: '_': unrecognized character escape sequence
c:\users\eeshaan\source\repos\prototypemain\prototypemain\enter.cpp(432): warning C4129: '_': unrecognized character escape sequence
c:\users\eeshaan\source\repos\prototypemain\prototypemain\enter.cpp(433): warning C4129: '_': unrecognized character escape sequence
c:\users\eeshaan\source\repos\prototypemain\prototypemain\enter.cpp(434): warning C4129: '_': unrecognized character escape sequence
c:\users\eeshaan\source\repos\prototypemain\prototypemain\enter.cpp(435): warning C4129: '_': unrecognized character escape sequence
c:\users\eeshaan\source\repos\prototypemain\prototypemain\enter.cpp(436): warning C4129: '_': unrecognized character escape sequence
c:\users\eeshaan\source\repos\prototypemain\prototypemain\enter.cpp(437): warning C4129: '_': unrecognized character escape sequence
c:\users\eeshaan\source\repos\prototypemain\prototypemain\enter.cpp(438): warning C4129: '_': unrecognized character escape sequence
c:\users\eeshaan\source\repos\prototypemain\prototypemain\enter.cpp(439): warning C4129: '_': unrecognized character escape sequence
c:\users\eeshaan\source\repos\prototypemain\prototypemain\enter.cpp(440): warning C4129: '_': unrecognized character escape sequence
c:\users\eeshaan\source\repos\prototypemain\prototypemain\enter.cpp(441): warning C4129: '_': unrecognized character escape sequence
c:\users\eeshaan\source\repos\prototypemain\prototypemain\enter.cpp(442): warning C4129: '_': unrecognized character escape sequence
c:\users\eeshaan\source\repos\prototypemain\prototypemain\enter.cpp(443): warning C4129: '_': unrecognized character escape sequence
c:\users\eeshaan\source\repos\prototypemain\prototypemain\enter.cpp(444): warning C4129: '_': unrecognized character escape sequence
c:\users\eeshaan\source\repos\prototypemain\prototypemain\enter.cpp(445): warning C4129: '_': unrecognized character escape sequence
c:\users\eeshaan\source\repos\prototypemain\prototypemain\enter.cpp(446): warning C4129: '_': unrecognized character escape sequence
c:\users\eeshaan\source\repos\prototypemain\prototypemain\enter.cpp(447): warning C4129: '_': unrecognized character escape sequence
c:\users\eeshaan\source\repos\prototypemain\prototypemain\enter.cpp(448): warning C4129: '_': unrecognized character escape sequence
c:\users\eeshaan\source\repos\prototypemain\prototypemain\enter.cpp(449): warning C4129: '_': unrecognized character escape sequence
c:\users\eeshaan\source\repos\prototypemain\prototypemain\enter.cpp(450): warning C4129: '_': unrecognized character escape sequence
c:\users\eeshaan\source\repos\prototypemain\prototypemain\enter.cpp(451): warning C4129: '_': unrecognized character escape sequence
  friendly.cpp
c:\users\eeshaan\source\repos\prototypemain\prototypemain\friendly.cpp(130): warning C4129: ' ': unrecognized character escape sequence
c:\users\eeshaan\source\repos\prototypemain\prototypemain\friendly.cpp(224): warning C4129: ' ': unrecognized character escape sequence
c:\users\eeshaan\source\repos\prototypemain\prototypemain\friendly.cpp(281): warning C4129: ' ': unrecognized character escape sequence
c:\users\eeshaan\source\repos\prototypemain\prototypemain\friendly.cpp(581): warning C4129: ' ': unrecognized character escape sequence
  introc.cpp
c:\users\eeshaan\source\repos\prototypemain\prototypemain\introc.cpp(24): warning C4129: '_': unrecognized character escape sequence
c:\users\eeshaan\source\repos\prototypemain\prototypemain\introc.cpp(25): warning C4129: '_': unrecognized character escape sequence
c:\users\eeshaan\source\repos\prototypemain\prototypemain\introc.cpp(26): warning C4129: '_': unrecognized character escape sequence
c:\users\eeshaan\source\repos\prototypemain\prototypemain\introc.cpp(27): warning C4129: '_': unrecognized character escape sequence
c:\users\eeshaan\source\repos\prototypemain\prototypemain\introc.cpp(28): warning C4129: '_': unrecognized character escape sequence
c:\users\eeshaan\source\repos\prototypemain\prototypemain\introc.cpp(29): warning C4129: '_': unrecognized character escape sequence
c:\users\eeshaan\source\repos\prototypemain\prototypemain\introc.cpp(30): warning C4129: '_': unrecognized character escape sequence
c:\users\eeshaan\source\repos\prototypemain\prototypemain\introc.cpp(31): warning C4129: '_': unrecognized character escape sequence
c:\users\eeshaan\source\repos\prototypemain\prototypemain\introc.cpp(32): warning C4129: '_': unrecognized character escape sequence
c:\users\eeshaan\source\repos\prototypemain\prototypemain\introc.cpp(33): warning C4129: '_': unrecognized character escape sequence
c:\users\eeshaan\source\repos\prototypemain\prototypemain\introc.cpp(34): warning C4129: '_': unrecognized character escape sequence
c:\users\eeshaan\source\repos\prototypemain\prototypemain\introc.cpp(35): warning C4129: '_': unrecognized character escape sequence
c:\users\eeshaan\source\repos\prototypemain\prototypemain\introc.cpp(36): warning C4129: '_': unrecognized character escape sequence
c:\users\eeshaan\source\repos\prototypemain\prototypemain\introc.cpp(37): warning C4129: '_': unrecognized character escape sequence
c:\users\eeshaan\source\repos\prototypemain\prototypemain\introc.cpp(38): warning C4129: '_': unrecognized character escape sequence
c:\users\eeshaan\source\repos\prototypemain\prototypemain\introc.cpp(39): warning C4129: '_': unrecognized character escape sequence
c:\users\eeshaan\source\repos\prototypemain\prototypemain\introc.cpp(40): warning C4129: '_': unrecognized character escape sequence
c:\users\eeshaan\source\repos\prototypemain\prototypemain\introc.cpp(41): warning C4129: '_': unrecognized character escape sequence
c:\users\eeshaan\source\repos\prototypemain\prototypemain\introc.cpp(42): warning C4129: '_': unrecognized character escape sequence
c:\users\eeshaan\source\repos\prototypemain\prototypemain\introc.cpp(43): warning C4129: '_': unrecognized character escape sequence
c:\users\eeshaan\source\repos\prototypemain\prototypemain\introc.cpp(44): warning C4129: '_': unrecognized character escape sequence
c:\users\eeshaan\source\repos\prototypemain\prototypemain\introc.cpp(45): warning C4129: '_': unrecognized character escape sequence
c:\users\eeshaan\source\repos\prototypemain\prototypemain\introc.cpp(46): warning C4129: '_': unrecognized character escape sequence
c:\users\eeshaan\source\repos\prototypemain\prototypemain\introc.cpp(47): warning C4129: '_': unrecognized character escape sequence
c:\users\eeshaan\source\repos\prototypemain\prototypemain\introc.cpp(48): warning C4129: '_': unrecognized character escape sequence
c:\users\eeshaan\source\repos\prototypemain\prototypemain\introc.cpp(49): warning C4129: '_': unrecognized character escape sequence
c:\users\eeshaan\source\repos\prototypemain\prototypemain\introc.cpp(50): warning C4129: '_': unrecognized character escape sequence
c:\users\eeshaan\source\repos\prototypemain\prototypemain\introc.cpp(51): warning C4129: '_': unrecognized character escape sequence
  judge.cpp
c:\users\eeshaan\source\repos\prototypemain\prototypemain\judge.cpp(100): warning C4129: ' ': unrecognized character escape sequence
c:\users\eeshaan\source\repos\prototypemain\prototypemain\judge.cpp(195): warning C4129: ' ': unrecognized character escape sequence
c:\users\eeshaan\source\repos\prototypemain\prototypemain\judge.cpp(197): warning C4129: ' ': unrecognized character escape sequence
c:\users\eeshaan\source\repos\prototypemain\prototypemain\judge.cpp(255): warning C4129: ' ': unrecognized character escape sequence
c:\users\eeshaan\source\repos\prototypemain\prototypemain\judge.cpp(514): warning C4129: ' ': unrecognized character escape sequence
c:\users\eeshaan\source\repos\prototypemain\prototypemain\judge.cpp(516): warning C4129: ' ': unrecognized character escape sequence
  rude.cpp
c:\users\eeshaan\source\repos\prototypemain\prototypemain\rude.cpp(97): warning C4129: ' ': unrecognized character escape sequence
c:\users\eeshaan\source\repos\prototypemain\prototypemain\rude.cpp(189): warning C4129: ' ': unrecognized character escape sequence
c:\users\eeshaan\source\repos\prototypemain\prototypemain\rude.cpp(302): warning C4129: ' ': unrecognized character escape sequence
c:\users\eeshaan\source\repos\prototypemain\prototypemain\rude.cpp(548): warning C4129: ' ': unrecognized character escape sequence
c:\users\eeshaan\source\repos\prototypemain\prototypemain\rude.cpp(550): warning C4129: ' ': unrecognized character escape sequence
  showoff.cpp
c:\users\eeshaan\source\repos\prototypemain\prototypemain\showoff.cpp(110): warning C4129: ' ': unrecognized character escape sequence
c:\users\eeshaan\source\repos\prototypemain\prototypemain\showoff.cpp(239): warning C4129: ' ': unrecognized character escape sequence
c:\users\eeshaan\source\repos\prototypemain\prototypemain\showoff.cpp(241): warning C4129: ' ': unrecognized character escape sequence
c:\users\eeshaan\source\repos\prototypemain\prototypemain\showoff.cpp(301): warning C4129: ' ': unrecognized character escape sequence
c:\users\eeshaan\source\repos\prototypemain\prototypemain\showoff.cpp(557): warning C4129: ' ': unrecognized character escape sequence
c:\users\eeshaan\source\repos\prototypemain\prototypemain\showoff.cpp(559): warning C4129: ' ': unrecognized character escape sequence
  Source.cpp
c:\users\eeshaan\source\repos\prototypemain\prototypemain\source.cpp(36): warning C4129: '_': unrecognized character escape sequence
c:\users\eeshaan\source\repos\prototypemain\prototypemain\source.cpp(37): warning C4129: '_': unrecognized character escape sequence
c:\users\eeshaan\source\repos\prototypemain\prototypemain\source.cpp(38): warning C4129: '_': unrecognized character escape sequence
c:\users\eeshaan\source\repos\prototypemain\prototypemain\source.cpp(39): warning C4129: '_': unrecognized character escape sequence
c:\users\eeshaan\source\repos\prototypemain\prototypemain\source.cpp(40): warning C4129: '_': unrecognized character escape sequence
c:\users\eeshaan\source\repos\prototypemain\prototypemain\source.cpp(44): warning C4129: '_': unrecognized character escape sequence
c:\users\eeshaan\source\repos\prototypemain\prototypemain\source.cpp(45): warning C4129: '_': unrecognized character escape sequence
c:\users\eeshaan\source\repos\prototypemain\prototypemain\source.cpp(46): warning C4129: '_': unrecognized character escape sequence
c:\users\eeshaan\source\repos\prototypemain\prototypemain\source.cpp(47): warning C4129: '_': unrecognized character escape sequence
c:\users\eeshaan\source\repos\prototypemain\prototypemain\source.cpp(48): warning C4129: '_': unrecognized character escape sequence
c:\users\eeshaan\source\repos\prototypemain\prototypemain\source.cpp(49): warning C4129: '_': unrecognized character escape sequence
c:\users\eeshaan\source\repos\prototypemain\prototypemain\source.cpp(50): warning C4129: '_': unrecognized character escape sequence
c:\users\eeshaan\source\repos\prototypemain\prototypemain\source.cpp(51): warning C4129: '_': unrecognized character escape sequence
c:\users\eeshaan\source\repos\prototypemain\prototypemain\source.cpp(52): warning C4129: '_': unrecognized character escape sequence
c:\users\eeshaan\source\repos\prototypemain\prototypemain\source.cpp(53): warning C4129: '_': unrecognized character escape sequence
c:\users\eeshaan\source\repos\prototypemain\prototypemain\source.cpp(54): warning C4129: '_': unrecognized character escape sequence
c:\users\eeshaan\source\repos\prototypemain\prototypemain\source.cpp(55): warning C4129: '_': unrecognized character escape sequence
c:\users\eeshaan\source\repos\prototypemain\prototypemain\source.cpp(56): warning C4129: '_': unrecognized character escape sequence
c:\users\eeshaan\source\repos\prototypemain\prototypemain\source.cpp(57): warning C4129: '_': unrecognized character escape sequence
c:\users\eeshaan\source\repos\prototypemain\prototypemain\source.cpp(58): warning C4129: '_': unrecognized character escape sequence
c:\users\eeshaan\source\repos\prototypemain\prototypemain\source.cpp(59): warning C4129: '_': unrecognized character escape sequence
c:\users\eeshaan\source\repos\prototypemain\prototypemain\source.cpp(60): warning C4129: '_': unrecognized character escape sequence
c:\users\eeshaan\source\repos\prototypemain\prototypemain\source.cpp(61): warning C4129: '_': unrecognized character escape sequence
c:\users\eeshaan\source\repos\prototypemain\prototypemain\source.cpp(62): warning C4129: '_': unrecognized character escape sequence
c:\users\eeshaan\source\repos\prototypemain\prototypemain\source.cpp(63): warning C4129: '_': unrecognized character escape sequence
c:\users\eeshaan\source\repos\prototypemain\prototypemain\source.cpp(64): warning C4129: '_': unrecognized character escape sequence
c:\users\eeshaan\source\repos\prototypemain\prototypemain\source.cpp(65): warning C4129: '_': unrecognized character escape sequence
c:\users\eeshaan\source\repos\prototypemain\prototypemain\source.cpp(66): warning C4129: '_': unrecognized character escape sequence
c:\users\eeshaan\source\repos\prototypemain\prototypemain\source.cpp(67): warning C4129: '_': unrecognized character escape sequence
c:\users\eeshaan\source\repos\prototypemain\prototypemain\source.cpp(68): warning C4129: '_': unrecognized character escape sequence
c:\users\eeshaan\source\repos\prototypemain\prototypemain\source.cpp(69): warning C4129: '_': unrecognized character escape sequence
c:\users\eeshaan\source\repos\prototypemain\prototypemain\source.cpp(70): warning C4129: '_': unrecognized character escape sequence
c:\users\eeshaan\source\repos\prototypemain\prototypemain\source.cpp(76): warning C4129: '_': unrecognized character escape sequence
c:\users\eeshaan\source\repos\prototypemain\prototypemain\source.cpp(77): warning C4129: '_': unrecognized character escape sequence
c:\users\eeshaan\source\repos\prototypemain\prototypemain\source.cpp(78): warning C4129: '_': unrecognized character escape sequence
c:\users\eeshaan\source\repos\prototypemain\prototypemain\source.cpp(79): warning C4129: '_': unrecognized character escape sequence
c:\users\eeshaan\source\repos\prototypemain\prototypemain\source.cpp(80): warning C4129: '_': unrecognized character escape sequence
c:\users\eeshaan\source\repos\prototypemain\prototypemain\source.cpp(81): warning C4129: '_': unrecognized character escape sequence
c:\users\eeshaan\source\repos\prototypemain\prototypemain\source.cpp(82): warning C4129: '_': unrecognized character escape sequence
c:\users\eeshaan\source\repos\prototypemain\prototypemain\source.cpp(83): warning C4129: '_': unrecognized character escape sequence
c:\users\eeshaan\source\repos\prototypemain\prototypemain\source.cpp(84): warning C4129: '_': unrecognized character escape sequence
c:\users\eeshaan\source\repos\prototypemain\prototypemain\source.cpp(85): warning C4129: '_': unrecognized character escape sequence
c:\users\eeshaan\source\repos\prototypemain\prototypemain\source.cpp(86): warning C4129: '_': unrecognized character escape sequence
c:\users\eeshaan\source\repos\prototypemain\prototypemain\source.cpp(87): warning C4129: '_': unrecognized character escape sequence
c:\users\eeshaan\source\repos\prototypemain\prototypemain\source.cpp(88): warning C4129: '_': unrecognized character escape sequence
c:\users\eeshaan\source\repos\prototypemain\prototypemain\source.cpp(89): warning C4129: '_': unrecognized character escape sequence
c:\users\eeshaan\source\repos\prototypemain\prototypemain\source.cpp(90): warning C4129: '_': unrecognized character escape sequence
c:\users\eeshaan\source\repos\prototypemain\prototypemain\source.cpp(91): warning C4129: '_': unrecognized character escape sequence
c:\users\eeshaan\source\repos\prototypemain\prototypemain\source.cpp(92): warning C4129: '_': unrecognized character escape sequence
c:\users\eeshaan\source\repos\prototypemain\prototypemain\source.cpp(93): warning C4129: '_': unrecognized character escape sequence
c:\users\eeshaan\source\repos\prototypemain\prototypemain\source.cpp(94): warning C4129: '_': unrecognized character escape sequence
c:\users\eeshaan\source\repos\prototypemain\prototypemain\source.cpp(95): warning C4129: '_': unrecognized character escape sequence
c:\users\eeshaan\source\repos\prototypemain\prototypemain\source.cpp(96): warning C4129: '_': unrecognized character escape sequence
c:\users\eeshaan\source\repos\prototypemain\prototypemain\source.cpp(97): warning C4129: '_': unrecognized character escape sequence
c:\users\eeshaan\source\repos\prototypemain\prototypemain\source.cpp(98): warning C4129: '_': unrecognized character escape sequence
c:\users\eeshaan\source\repos\prototypemain\prototypemain\source.cpp(99): warning C4129: '_': unrecognized character escape sequence
c:\users\eeshaan\source\repos\prototypemain\prototypemain\source.cpp(100): warning C4129: '_': unrecognized character escape sequence
c:\users\eeshaan\source\repos\prototypemain\prototypemain\source.cpp(101): warning C4129: '_': unrecognized character escape sequence
c:\users\eeshaan\source\repos\prototypemain\prototypemain\source.cpp(102): warning C4129: '_': unrecognized character escape sequence
c:\users\eeshaan\source\repos\prototypemain\prototypemain\source.cpp(103): warning C4129: '_': unrecognized character escape sequence
c:\users\eeshaan\source\repos\prototypemain\prototypemain\source.cpp(104): warning C4129: '_': unrecognized character escape sequence
c:\users\eeshaan\source\repos\prototypemain\prototypemain\source.cpp(105): warning C4129: '_': unrecognized character escape sequence
c:\users\eeshaan\source\repos\prototypemain\prototypemain\source.cpp(106): warning C4129: '_': unrecognized character escape sequence
c:\users\eeshaan\source\repos\prototypemain\prototypemain\source.cpp(107): warning C4129: '_': unrecognized character escape sequence
c:\users\eeshaan\source\repos\prototypemain\prototypemain\source.cpp(108): warning C4129: '_': unrecognized character escape sequence
c:\users\eeshaan\source\repos\prototypemain\prototypemain\source.cpp(109): warning C4129: '_': unrecognized character escape sequence
c:\users\eeshaan\source\repos\prototypemain\prototypemain\source.cpp(110): warning C4129: '_': unrecognized character escape sequence
c:\users\eeshaan\source\repos\prototypemain\prototypemain\source.cpp(148): warning C4129: '_': unrecognized character escape sequence
c:\users\eeshaan\source\repos\prototypemain\prototypemain\source.cpp(149): warning C4129: '_': unrecognized character escape sequence
c:\users\eeshaan\source\repos\prototypemain\prototypemain\source.cpp(150): warning C4129: '_': unrecognized character escape sequence
c:\users\eeshaan\source\repos\prototypemain\prototypemain\source.cpp(151): warning C4129: '_': unrecognized character escape sequence
c:\users\eeshaan\source\repos\prototypemain\prototypemain\source.cpp(152): warning C4129: '_': unrecognized character escape sequence
c:\users\eeshaan\source\repos\prototypemain\prototypemain\source.cpp(153): warning C4129: '_': unrecognized character escape sequence
c:\users\eeshaan\source\repos\prototypemain\prototypemain\source.cpp(154): warning C4129: '_': unrecognized character escape sequence
c:\users\eeshaan\source\repos\prototypemain\prototypemain\source.cpp(155): warning C4129: '_': unrecognized character escape sequence
c:\users\eeshaan\source\repos\prototypemain\prototypemain\source.cpp(156): warning C4129: '_': unrecognized character escape sequence
c:\users\eeshaan\source\repos\prototypemain\prototypemain\source.cpp(157): warning C4129: '_': unrecognized character escape sequence
c:\users\eeshaan\source\repos\prototypemain\prototypemain\source.cpp(158): warning C4129: '_': unrecognized character escape sequence
c:\users\eeshaan\source\repos\prototypemain\prototypemain\source.cpp(159): warning C4129: '_': unrecognized character escape sequence
c:\users\eeshaan\source\repos\prototypemain\prototypemain\source.cpp(160): warning C4129: '_': unrecognized character escape sequence
c:\users\eeshaan\source\repos\prototypemain\prototypemain\source.cpp(161): warning C4129: '_': unrecognized character escape sequence
c:\users\eeshaan\source\repos\prototypemain\prototypemain\source.cpp(162): warning C4129: '_': unrecognized character escape sequence
c:\users\eeshaan\source\repos\prototypemain\prototypemain\source.cpp(163): warning C4129: '_': unrecognized character escape sequence
c:\users\eeshaan\source\repos\prototypemain\prototypemain\source.cpp(164): warning C4129: '_': unrecognized character escape sequence
c:\users\eeshaan\source\repos\prototypemain\prototypemain\source.cpp(165): warning C4129: '_': unrecognized character escape sequence
c:\users\eeshaan\source\repos\prototypemain\prototypemain\source.cpp(166): warning C4129: '_': unrecognized character escape sequence
c:\users\eeshaan\source\repos\prototypemain\prototypemain\source.cpp(167): warning C4129: '_': unrecognized character escape sequence
c:\users\eeshaan\source\repos\prototypemain\prototypemain\source.cpp(168): warning C4129: '_': unrecognized character escape sequence
c:\users\eeshaan\source\repos\prototypemain\prototypemain\source.cpp(169): warning C4129: '_': unrecognized character escape sequence
c:\users\eeshaan\source\repos\prototypemain\prototypemain\source.cpp(170): warning C4129: '_': unrecognized character escape sequence
c:\users\eeshaan\source\repos\prototypemain\prototypemain\source.cpp(171): warning C4129: '_': unrecognized character escape sequence
c:\users\eeshaan\source\repos\prototypemain\prototypemain\source.cpp(172): warning C4129: '_': unrecognized character escape sequence
c:\users\eeshaan\source\repos\prototypemain\prototypemain\source.cpp(173): warning C4129: '_': unrecognized character escape sequence
c:\users\eeshaan\source\repos\prototypemain\prototypemain\source.cpp(174): warning C4129: '_': unrecognized character escape sequence
c:\users\eeshaan\source\repos\prototypemain\prototypemain\source.cpp(175): warning C4129: '_': unrecognized character escape sequence
c:\users\eeshaan\source\repos\prototypemain\prototypemain\source.cpp(176): warning C4129: '_': unrecognized character escape sequence
c:\users\eeshaan\source\repos\prototypemain\prototypemain\source.cpp(177): warning C4129: '_': unrecognized character escape sequence
c:\users\eeshaan\source\repos\prototypemain\prototypemain\source.cpp(178): warning C4129: '_': unrecognized character escape sequence
c:\users\eeshaan\source\repos\prototypemain\prototypemain\source.cpp(179): warning C4129: '_': unrecognized character escape sequence
c:\users\eeshaan\source\repos\prototypemain\prototypemain\source.cpp(180): warning C4129: '_': unrecognized character escape sequence
c:\users\eeshaan\source\repos\prototypemain\prototypemain\source.cpp(181): warning C4129: '_': unrecognized character escape sequence
c:\users\eeshaan\source\repos\prototypemain\prototypemain\source.cpp(182): warning C4129: '_': unrecognized character escape sequence
c:\users\eeshaan\source\repos\prototypemain\prototypemain\source.cpp(217): warning C4129: '_': unrecognized character escape sequence
c:\users\eeshaan\source\repos\prototypemain\prototypemain\source.cpp(218): warning C4129: '_': unrecognized character escape sequence
c:\users\eeshaan\source\repos\prototypemain\prototypemain\source.cpp(219): warning C4129: '_': unrecognized character escape sequence
c:\users\eeshaan\source\repos\prototypemain\prototypemain\source.cpp(220): warning C4129: '_': unrecognized character escape sequence
c:\users\eeshaan\source\repos\prototypemain\prototypemain\source.cpp(221): warning C4129: '_': unrecognized character escape sequence
c:\users\eeshaan\source\repos\prototypemain\prototypemain\source.cpp(222): warning C4129: '_': unrecognized character escape sequence
c:\users\eeshaan\source\repos\prototypemain\prototypemain\source.cpp(223): warning C4129: '_': unrecognized character escape sequence
c:\users\eeshaan\source\repos\prototypemain\prototypemain\source.cpp(224): warning C4129: '_': unrecognized character escape sequence
c:\users\eeshaan\source\repos\prototypemain\prototypemain\source.cpp(225): warning C4129: '_': unrecognized character escape sequence
c:\users\eeshaan\source\repos\prototypemain\prototypemain\source.cpp(226): warning C4129: '_': unrecognized character escape sequence
c:\users\eeshaan\source\repos\prototypemain\prototypemain\source.cpp(227): warning C4129: '_': unrecognized character escape sequence
c:\users\eeshaan\source\repos\prototypemain\prototypemain\source.cpp(228): warning C4129: '_': unrecognized character escape sequence
c:\users\eeshaan\source\repos\prototypemain\prototypemain\source.cpp(229): warning C4129: '_': unrecognized character escape sequence
c:\users\eeshaan\source\repos\prototypemain\prototypemain\source.cpp(230): warning C4129: '_': unrecognized character escape sequence
c:\users\eeshaan\source\repos\prototypemain\prototypemain\source.cpp(231): warning C4129: '_': unrecognized character escape sequence
c:\users\eeshaan\source\repos\prototypemain\prototypemain\source.cpp(232): warning C4129: '_': unrecognized character escape sequence
c:\users\eeshaan\source\repos\prototypemain\prototypemain\source.cpp(233): warning C4129: '_': unrecognized character escape sequence
c:\users\eeshaan\source\repos\prototypemain\prototypemain\source.cpp(234): warning C4129: '_': unrecognized character escape sequence
c:\users\eeshaan\source\repos\prototypemain\prototypemain\source.cpp(235): warning C4129: '_': unrecognized character escape sequence
c:\users\eeshaan\source\repos\prototypemain\prototypemain\source.cpp(236): warning C4129: '_': unrecognized character escape sequence
c:\users\eeshaan\source\repos\prototypemain\prototypemain\source.cpp(237): warning C4129: '_': unrecognized character escape sequence
c:\users\eeshaan\source\repos\prototypemain\prototypemain\source.cpp(238): warning C4129: '_': unrecognized character escape sequence
c:\users\eeshaan\source\repos\prototypemain\prototypemain\source.cpp(239): warning C4129: '_': unrecognized character escape sequence
c:\users\eeshaan\source\repos\prototypemain\prototypemain\source.cpp(240): warning C4129: '_': unrecognized character escape sequence
c:\users\eeshaan\source\repos\prototypemain\prototypemain\source.cpp(241): warning C4129: '_': unrecognized character escape sequence
c:\users\eeshaan\source\repos\prototypemain\prototypemain\source.cpp(242): warning C4129: '_': unrecognized character escape sequence
c:\users\eeshaan\source\repos\prototypemain\prototypemain\source.cpp(243): warning C4129: '_': unrecognized character escape sequence
c:\users\eeshaan\source\repos\prototypemain\prototypemain\source.cpp(244): warning C4129: '_': unrecognized character escape sequence
c:\users\eeshaan\source\repos\prototypemain\prototypemain\source.cpp(245): warning C4129: '_': unrecognized character escape sequence
c:\users\eeshaan\source\repos\prototypemain\prototypemain\source.cpp(246): warning C4129: '_': unrecognized character escape sequence
c:\users\eeshaan\source\repos\prototypemain\prototypemain\source.cpp(247): warning C4129: '_': unrecognized character escape sequence
c:\users\eeshaan\source\repos\prototypemain\prototypemain\source.cpp(248): warning C4129: '_': unrecognized character escape sequence
c:\users\eeshaan\source\repos\prototypemain\prototypemain\source.cpp(249): warning C4129: '_': unrecognized character escape sequence
c:\users\eeshaan\source\repos\prototypemain\prototypemain\source.cpp(250): warning C4129: '_': unrecognized character escape sequence
c:\users\eeshaan\source\repos\prototypemain\prototypemain\source.cpp(251): warning C4129: '_': unrecognized character escape sequence
c:\users\eeshaan\source\repos\prototypemain\prototypemain\source.cpp(287): warning C4129: '_': unrecognized character escape sequence
c:\users\eeshaan\source\repos\prototypemain\prototypemain\source.cpp(288): warning C4129: '_': unrecognized character escape sequence
c:\users\eeshaan\source\repos\prototypemain\prototypemain\source.cpp(289): warning C4129: '_': unrecognized character escape sequence
c:\users\eeshaan\source\repos\prototypemain\prototypemain\source.cpp(290): warning C4129: '_': unrecognized character escape sequence
c:\users\eeshaan\source\repos\prototypemain\prototypemain\source.cpp(291): warning C4129: '_': unrecognized character escape sequence
c:\users\eeshaan\source\repos\prototypemain\prototypemain\source.cpp(292): warning C4129: '_': unrecognized character escape sequence
c:\users\eeshaan\source\repos\prototypemain\prototypemain\source.cpp(293): warning C4129: '_': unrecognized character escape sequence
c:\users\eeshaan\source\repos\prototypemain\prototypemain\source.cpp(294): warning C4129: '_': unrecognized character escape sequence
c:\users\eeshaan\source\repos\prototypemain\prototypemain\source.cpp(295): warning C4129: '_': unrecognized character escape sequence
c:\users\eeshaan\source\repos\prototypemain\prototypemain\source.cpp(296): warning C4129: '_': unrecognized character escape sequence
c:\users\eeshaan\source\repos\prototypemain\prototypemain\source.cpp(297): warning C4129: '_': unrecognized character escape sequence
c:\users\eeshaan\source\repos\prototypemain\prototypemain\source.cpp(298): warning C4129: '_': unrecognized character escape sequence
c:\users\eeshaan\source\repos\prototypemain\prototypemain\source.cpp(299): warning C4129: '_': unrecognized character escape sequence
c:\users\eeshaan\source\repos\prototypemain\prototypemain\source.cpp(300): warning C4129: '_': unrecognized character escape sequence
c:\users\eeshaan\source\repos\prototypemain\prototypemain\source.cpp(301): warning C4129: '_': unrecognized character escape sequence
c:\users\eeshaan\source\repos\prototypemain\prototypemain\source.cpp(302): warning C4129: '_': unrecognized character escape sequence
c:\users\eeshaan\source\repos\prototypemain\prototypemain\source.cpp(303): warning C4129: '_': unrecognized character escape sequence
c:\users\eeshaan\source\repos\prototypemain\prototypemain\source.cpp(304): warning C4129: '_': unrecognized character escape sequence
c:\users\eeshaan\source\repos\prototypemain\prototypemain\source.cpp(305): warning C4129: '_': unrecognized character escape sequence
c:\users\eeshaan\source\repos\prototypemain\prototypemain\source.cpp(306): warning C4129: '_': unrecognized character escape sequence
c:\users\eeshaan\source\repos\prototypemain\prototypemain\source.cpp(307): warning C4129: '_': unrecognized character escape sequence
c:\users\eeshaan\source\repos\prototypemain\prototypemain\source.cpp(308): warning C4129: '_': unrecognized character escape sequence
c:\users\eeshaan\source\repos\prototypemain\prototypemain\source.cpp(309): warning C4129: '_': unrecognized character escape sequence
c:\users\eeshaan\source\repos\prototypemain\prototypemain\source.cpp(310): warning C4129: '_': unrecognized character escape sequence
c:\users\eeshaan\source\repos\prototypemain\prototypemain\source.cpp(311): warning C4129: '_': unrecognized character escape sequence
c:\users\eeshaan\source\repos\prototypemain\prototypemain\source.cpp(312): warning C4129: '_': unrecognized character escape sequence
c:\users\eeshaan\source\repos\prototypemain\prototypemain\source.cpp(313): warning C4129: '_': unrecognized character escape sequence
c:\users\eeshaan\source\repos\prototypemain\prototypemain\source.cpp(314): warning C4129: '_': unrecognized character escape sequence
c:\users\eeshaan\source\repos\prototypemain\prototypemain\source.cpp(315): warning C4129: '_': unrecognized character escape sequence
c:\users\eeshaan\source\repos\prototypemain\prototypemain\source.cpp(316): warning C4129: '_': unrecognized character escape sequence
c:\users\eeshaan\source\repos\prototypemain\prototypemain\source.cpp(317): warning C4129: '_': unrecognized character escape sequence
c:\users\eeshaan\source\repos\prototypemain\prototypemain\source.cpp(318): warning C4129: '_': unrecognized character escape sequence
c:\users\eeshaan\source\repos\prototypemain\prototypemain\source.cpp(319): warning C4129: '_': unrecognized character escape sequence
c:\users\eeshaan\source\repos\prototypemain\prototypemain\source.cpp(320): warning C4129: '_': unrecognized character escape sequence
c:\users\eeshaan\source\repos\prototypemain\prototypemain\source.cpp(321): warning C4129: '_': unrecognized character escape sequence
c:\users\eeshaan\source\repos\prototypemain\prototypemain\source.cpp(359): warning C4129: '_': unrecognized character escape sequence
c:\users\eeshaan\source\repos\prototypemain\prototypemain\source.cpp(360): warning C4129: '_': unrecognized character escape sequence
c:\users\eeshaan\source\repos\prototypemain\prototypemain\source.cpp(361): warning C4129: '_': unrecognized character escape sequence
c:\users\eeshaan\source\repos\prototypemain\prototypemain\source.cpp(362): warning C4129: '_': unrecognized character escape sequence
c:\users\eeshaan\source\repos\prototypemain\prototypemain\source.cpp(363): warning C4129: '_': unrecognized character escape sequence
c:\users\eeshaan\source\repos\prototypemain\prototypemain\source.cpp(364): warning C4129: '_': unrecognized character escape sequence
c:\users\eeshaan\source\repos\prototypemain\prototypemain\source.cpp(365): warning C4129: '_': unrecognized character escape sequence
c:\users\eeshaan\source\repos\prototypemain\prototypemain\source.cpp(366): warning C4129: '_': unrecognized character escape sequence
c:\users\eeshaan\source\repos\prototypemain\prototypemain\source.cpp(367): warning C4129: '_': unrecognized character escape sequence
c:\users\eeshaan\source\repos\prototypemain\prototypemain\source.cpp(368): warning C4129: '_': unrecognized character escape sequence
c:\users\eeshaan\source\repos\prototypemain\prototypemain\source.cpp(369): warning C4129: '_': unrecognized character escape sequence
c:\users\eeshaan\source\repos\prototypemain\prototypemain\source.cpp(370): warning C4129: '_': unrecognized character escape sequence
c:\users\eeshaan\source\repos\prototypemain\prototypemain\source.cpp(371): warning C4129: '_': unrecognized character escape sequence
c:\users\eeshaan\source\repos\prototypemain\prototypemain\source.cpp(372): warning C4129: '_': unrecognized character escape sequence
c:\users\eeshaan\source\repos\prototypemain\prototypemain\source.cpp(373): warning C4129: '_': unrecognized character escape sequence
c:\users\eeshaan\source\repos\prototypemain\prototypemain\source.cpp(374): warning C4129: '_': unrecognized character escape sequence
c:\users\eeshaan\source\repos\prototypemain\prototypemain\source.cpp(375): warning C4129: '_': unrecognized character escape sequence
c:\users\eeshaan\source\repos\prototypemain\prototypemain\source.cpp(376): warning C4129: '_': unrecognized character escape sequence
c:\users\eeshaan\source\repos\prototypemain\prototypemain\source.cpp(377): warning C4129: '_': unrecognized character escape sequence
c:\users\eeshaan\source\repos\prototypemain\prototypemain\source.cpp(378): warning C4129: '_': unrecognized character escape sequence
c:\users\eeshaan\source\repos\prototypemain\prototypemain\source.cpp(379): warning C4129: '_': unrecognized character escape sequence
c:\users\eeshaan\source\repos\prototypemain\prototypemain\source.cpp(380): warning C4129: '_': unrecognized character escape sequence
c:\users\eeshaan\source\repos\prototypemain\prototypemain\source.cpp(381): warning C4129: '_': unrecognized character escape sequence
c:\users\eeshaan\source\repos\prototypemain\prototypemain\source.cpp(382): warning C4129: '_': unrecognized character escape sequence
c:\users\eeshaan\source\repos\prototypemain\prototypemain\source.cpp(383): warning C4129: '_': unrecognized character escape sequence
c:\users\eeshaan\source\repos\prototypemain\prototypemain\source.cpp(384): warning C4129: '_': unrecognized character escape sequence
c:\users\eeshaan\source\repos\prototypemain\prototypemain\source.cpp(385): warning C4129: '_': unrecognized character escape sequence
c:\users\eeshaan\source\repos\prototypemain\prototypemain\source.cpp(386): warning C4129: '_': unrecognized character escape sequence
c:\users\eeshaan\source\repos\prototypemain\prototypemain\source.cpp(387): warning C4129: '_': unrecognized character escape sequence
c:\users\eeshaan\source\repos\prototypemain\prototypemain\source.cpp(388): warning C4129: '_': unrecognized character escape sequence
c:\users\eeshaan\source\repos\prototypemain\prototypemain\source.cpp(389): warning C4129: '_': unrecognized character escape sequence
c:\users\eeshaan\source\repos\prototypemain\prototypemain\source.cpp(390): warning C4129: '_': unrecognized character escape sequence
c:\users\eeshaan\source\repos\prototypemain\prototypemain\source.cpp(391): warning C4129: '_': unrecognized character escape sequence
c:\users\eeshaan\source\repos\prototypemain\prototypemain\source.cpp(392): warning C4129: '_': unrecognized character escape sequence
c:\users\eeshaan\source\repos\prototypemain\prototypemain\source.cpp(393): warning C4129: '_': unrecognized character escape sequence
c:\users\eeshaan\source\repos\prototypemain\prototypemain\source.cpp(460): warning C4101: 'i': unreferenced local variable
c:\users\eeshaan\source\repos\prototypemain\prototypemain\source.cpp(545): warning C4129: '_': unrecognized character escape sequence
c:\users\eeshaan\source\repos\prototypemain\prototypemain\source.cpp(546): warning C4129: '_': unrecognized character escape sequence
c:\users\eeshaan\source\repos\prototypemain\prototypemain\source.cpp(547): warning C4129: '_': unrecognized character escape sequence
c:\users\eeshaan\source\repos\prototypemain\prototypemain\source.cpp(548): warning C4129: '_': unrecognized character escape sequence
c:\users\eeshaan\source\repos\prototypemain\prototypemain\source.cpp(549): warning C4129: '_': unrecognized character escape sequence
c:\users\eeshaan\source\repos\prototypemain\prototypemain\source.cpp(550): warning C4129: '_': unrecognized character escape sequence
c:\users\eeshaan\source\repos\prototypemain\prototypemain\source.cpp(551): warning C4129: '_': unrecognized character escape sequence
c:\users\eeshaan\source\repos\prototypemain\prototypemain\source.cpp(552): warning C4129: '_': unrecognized character escape sequence
c:\users\eeshaan\source\repos\prototypemain\prototypemain\source.cpp(553): warning C4129: '_': unrecognized character escape sequence
c:\users\eeshaan\source\repos\prototypemain\prototypemain\source.cpp(554): warning C4129: '_': unrecognized character escape sequence
c:\users\eeshaan\source\repos\prototypemain\prototypemain\source.cpp(555): warning C4129: '_': unrecognized character escape sequence
c:\users\eeshaan\source\repos\prototypemain\prototypemain\source.cpp(556): warning C4129: '_': unrecognized character escape sequence
c:\users\eeshaan\source\repos\prototypemain\prototypemain\source.cpp(557): warning C4129: '_': unrecognized character escape sequence
c:\users\eeshaan\source\repos\prototypemain\prototypemain\source.cpp(558): warning C4129: '_': unrecognized character escape sequence
c:\users\eeshaan\source\repos\prototypemain\prototypemain\source.cpp(559): warning C4129: '_': unrecognized character escape sequence
c:\users\eeshaan\source\repos\prototypemain\prototypemain\source.cpp(560): warning C4129: '_': unrecognized character escape sequence
c:\users\eeshaan\source\repos\prototypemain\prototypemain\source.cpp(561): warning C4129: '_': unrecognized character escape sequence
c:\users\eeshaan\source\repos\prototypemain\prototypemain\source.cpp(562): warning C4129: '_': unrecognized character escape sequence
c:\users\eeshaan\source\repos\prototypemain\prototypemain\source.cpp(563): warning C4129: '_': unrecognized character escape sequence
c:\users\eeshaan\source\repos\prototypemain\prototypemain\source.cpp(564): warning C4129: '_': unrecognized character escape sequence
c:\users\eeshaan\source\repos\prototypemain\prototypemain\source.cpp(565): warning C4129: '_': unrecognized character escape sequence
c:\users\eeshaan\source\repos\prototypemain\prototypemain\source.cpp(566): warning C4129: '_': unrecognized character escape sequence
c:\users\eeshaan\source\repos\prototypemain\prototypemain\source.cpp(567): warning C4129: '_': unrecognized character escape sequence
c:\users\eeshaan\source\repos\prototypemain\prototypemain\source.cpp(568): warning C4129: '_': unrecognized character escape sequence
c:\users\eeshaan\source\repos\prototypemain\prototypemain\source.cpp(569): warning C4129: '_': unrecognized character escape sequence
c:\users\eeshaan\source\repos\prototypemain\prototypemain\source.cpp(570): warning C4129: '_': unrecognized character escape sequence
c:\users\eeshaan\source\repos\prototypemain\prototypemain\source.cpp(571): warning C4129: '_': unrecognized character escape sequence
c:\users\eeshaan\source\repos\prototypemain\prototypemain\source.cpp(572): warning C4129: '_': unrecognized character escape sequence
c:\users\eeshaan\source\repos\prototypemain\prototypemain\source.cpp(573): warning C4129: '_': unrecognized character escape sequence
c:\users\eeshaan\source\repos\prototypemain\prototypemain\source.cpp(574): warning C4129: '_': unrecognized character escape sequence
c:\users\eeshaan\source\repos\prototypemain\prototypemain\source.cpp(575): warning C4129: '_': unrecognized character escape sequence
c:\users\eeshaan\source\repos\prototypemain\prototypemain\source.cpp(576): warning C4129: '_': unrecognized character escape sequence
c:\users\eeshaan\source\repos\prototypemain\prototypemain\source.cpp(577): warning C4129: '_': unrecognized character escape sequence
c:\users\eeshaan\source\repos\prototypemain\prototypemain\source.cpp(578): warning C4129: '_': unrecognized character escape sequence
c:\users\eeshaan\source\repos\prototypemain\prototypemain\source.cpp(579): warning C4129: '_': unrecognized character escape sequence
c:\users\eeshaan\source\repos\prototypemain\prototypemain\source.cpp(580): warning C4129: '_': unrecognized character escape sequence
c:\users\eeshaan\source\repos\prototypemain\prototypemain\source.cpp(581): warning C4129: '_': unrecognized character escape sequence
  Generating code
  All 151 functions were compiled because no usable IPDB/IOBJ from previous compilation was found.
  Finished generating code
  PrototypeMAIN.vcxproj -> C:\Users\eeshaan\source\repos\PrototypeMAIN\Release\PrototypeMAIN.exe
